[debug] [2020-11-25T06:49:35.780Z] ----------------------------------------------------------------------
[debug] [2020-11-25T06:49:35.782Z] Command:       C:\Program Files\nodejs\node.exe C:\Users\Pintu Kumar\AppData\Roaming\npm\node_modules\firebase-tools\lib\bin\firebase.js init
[debug] [2020-11-25T06:49:35.783Z] CLI Version:   8.16.2
[debug] [2020-11-25T06:49:35.783Z] Platform:      win32
[debug] [2020-11-25T06:49:35.783Z] Node Version:  v12.14.1
[debug] [2020-11-25T06:49:35.784Z] Time:          Wed Nov 25 2020 12:19:35 GMT+0530 (India Standard Time)
[debug] [2020-11-25T06:49:35.784Z] ----------------------------------------------------------------------
[debug] [2020-11-25T06:49:35.785Z] 
[debug] [2020-11-25T06:49:35.824Z] > command requires scopes: ["email","openid","https://www.googleapis.com/auth/cloudplatformprojects.readonly","https://www.googleapis.com/auth/firebase","https://www.googleapis.com/auth/cloud-platform"]
[debug] [2020-11-25T06:49:35.825Z] > authorizing via signed-in user
[info] 
     ######## #### ########  ######## ########     ###     ######  ########
     ##        ##  ##     ## ##       ##     ##  ##   ##  ##       ##
     ######    ##  ########  ######   ########  #########  ######  ######
     ##        ##  ##    ##  ##       ##     ## ##     ##       ## ##
     ##       #### ##     ## ######## ########  ##     ##  ######  ########

You're about to initialize a Firebase project in this directory:

  C:\Users\Pintu Kumar\WebstormProjects\Burger-app

Before we get started, keep in mind:

  * You are initializing in an existing Firebase project directory

